<?xml version="1.0" encoding="UTF-8"?>
<testng-results ignored="0" total="1" passed="1" failed="0" skipped="0">
  <reporter-output>
  </reporter-output>
  <suite started-at="2023-06-08T14:27:26 EDT" name="SwagLabs Test" finished-at="2023-06-08T14:27:43 EDT" duration-ms="17652">
    <groups>
    </groups>
    <test started-at="2023-06-08T14:27:26 EDT" name="swag labs" finished-at="2023-06-08T14:27:43 EDT" duration-ms="17652">
      <class name="test.TestLogIN">
        <test-method is-config="true" signature="setup(java.lang.String,java.lang.String)[pri:0, instance:test.TestLogIN@38be305c]" started-at="2023-06-08T14:27:26 EDT" name="setup" finished-at="2023-06-08T14:27:32 EDT" duration-ms="6629" status="PASS">
          <params>
            <param index="0">
              <value>
                <![CDATA[chrome]]>
              </value>
            </param>
            <param index="1">
              <value>
                <![CDATA[https://www.saucedemo.com/]]>
              </value>
            </param>
          </params>
          <reporter-output>
          </reporter-output>
        </test-method> <!-- setup -->
        <test-method signature="test1()[pri:0, instance:test.TestLogIN@38be305c]" started-at="2023-06-08T14:27:32 EDT" name="test1" finished-at="2023-06-08T14:27:43 EDT" duration-ms="10827" status="PASS">
          <reporter-output>
          </reporter-output>
        </test-method> <!-- test1 -->
        <test-method is-config="true" signature="teardown()[pri:0, instance:test.TestLogIN@38be305c]" started-at="2023-06-08T14:27:43 EDT" name="teardown" finished-at="2023-06-08T14:27:43 EDT" duration-ms="153" status="PASS">
          <reporter-output>
          </reporter-output>
        </test-method> <!-- teardown -->
      </class> <!-- test.TestLogIN -->
    </test> <!-- swag labs -->
  </suite> <!-- SwagLabs Test -->
</testng-results>
